<?xml version="1.0" encoding="utf-8"?><testsuites name="pytest tests"><testsuite name="pytest" errors="0" failures="0" skipped="0" tests="49" time="7.848" timestamp="2026-07-27T16:51:52.240435+00:00" hostname="agent-env-3e6e120a-9b08-408e-8426-26ba14cd7125"><testcase classname="tests.backend_test.TestAuth" name="test_login_admin" time="0.479" /><testcase classname="tests.backend_test.TestAuth" name="test_login_bad_password" time="0.456" /><testcase classname="tests.backend_test.TestObjectIdSafety" name="test_delete_product_bad_id" time="0.960" /><testcase classname="tests.backend_test.TestObjectIdSafety" name="test_delete_product_missing_id" time="0.280" /><testcase classname="tests.backend_test.TestAuth" name="test_me" time="0.326" /><testcase classname="tests.backend_test.TestObjectIdSafety" name="test_put_product_bad_id" time="0.129" /><testcase classname="tests.backend_test.TestAuth" name="test_me_no_token" time="0.167" /><testcase classname="tests.backend_test.TestObjectIdSafety" name="test_delete_category_bad_id" time="0.078" /><testcase classname="tests.backend_test.TestAuth" name="test_me_bad_token" time="0.132" /><testcase classname="tests.backend_test.TestObjectIdSafety" name="test_delete_category_missing_id" time="0.078" /><testcase classname="tests.backend_test.TestObjectIdSafety" name="test_patch_order_status_bad_id" time="0.086" /><testcase classname="tests.backend_test.TestAuth" name="test_duplicate_register" time="0.089" /><testcase classname="tests.backend_test.TestObjectIdSafety" name="test_patch_order_status_missing_id" time="0.081" /><testcase classname="tests.backend_test.TestAuth" name="test_register_validation" time="0.094" /><testcase classname="tests.backend_test.TestAuth" name="test_bcrypt_hash_format" time="0.074" /><testcase classname="tests.backend_test.TestOrders" name="test_create_order_requires_auth" time="0.217" /><testcase classname="tests.backend_test.TestOrders" name="test_order_delivery_fee_below_threshold" time="0.146" /><testcase classname="tests.backend_test.TestObjectIdSafety" name="test_get_order_bad_id" time="0.516" /><testcase classname="tests.backend_test.TestOrders" name="test_order_free_delivery" time="0.092" /><testcase classname="tests.backend_test.TestObjectIdSafety" name="test_get_order_missing_id" time="0.127" /><testcase classname="tests.backend_test.TestOrders" name="test_empty_cart_rejected" time="0.048" /><testcase classname="tests.backend_test.TestOrders" name="test_my_orders" time="0.051" /><testcase classname="tests.backend_test.TestProducts" name="test_list" time="0.081" /><testcase classname="tests.backend_test.TestOrders" name="test_order_access_denied_other_user" time="0.588" /><testcase classname="tests.backend_test.TestProducts" name="test_filter_category" time="0.066" /><testcase classname="tests.backend_test.TestProducts" name="test_search" time="0.120" /><testcase classname="tests.backend_test.TestProducts" name="test_search_no_results" time="0.231" /><testcase classname="tests.backend_test.TestProducts" name="test_featured_popular" time="0.153" /><testcase classname="tests.backend_test.TestOrders" name="test_order_invalid_id" time="0.087" /><testcase classname="tests.backend_test.TestProducts" name="test_get_by_slug" time="0.073" /><testcase classname="tests.backend_test.TestOrders" name="test_stock_decrement" time="0.184" /><testcase classname="tests.backend_test.TestProducts" name="test_get_missing" time="0.125" /><testcase classname="tests.backend_test.TestPublic" name="test_root" time="0.083" /><testcase classname="tests.backend_test.TestPublic" name="test_store_info" time="0.243" /><testcase classname="tests.backend_test.TestAdmin" name="test_dashboard" time="0.319" /><testcase classname="tests.backend_test.TestPublic" name="test_categories" time="0.112" /><testcase classname="tests.backend_test.TestAdmin" name="test_dashboard_forbidden_for_customer" time="0.049" /><testcase classname="tests.backend_test.TestAdmin" name="test_customers_list" time="0.054" /><testcase classname="tests.backend_test.TestPublic" name="test_reviews" time="0.121" /><testcase classname="tests.backend_test.TestAdmin" name="test_admin_orders_and_status_flow" time="0.419" /><testcase classname="tests.backend_test.TestOrderPricingSecurity" name="test_manipulated_price_is_ignored" time="0.217" /><testcase classname="tests.backend_test.TestOrderPricingSecurity" name="test_insufficient_stock_returns_400" time="0.082" /><testcase classname="tests.backend_test.TestOrderPricingSecurity" name="test_unknown_product_rejected" time="0.082" /><testcase classname="tests.backend_test.TestAdmin" name="test_product_crud" time="0.471" /><testcase classname="tests.backend_test.TestOrderPricingSecurity" name="test_invalid_product_id_rejected" time="0.063" /><testcase classname="tests.backend_test.TestOTP" name="test_otp_flow" time="0.306" /><testcase classname="tests.backend_test.TestSecurity" name="test_no_brute_force_lockout" time="2.720" /><testcase classname="tests.backend_test.TestAdmin" name="test_product_create_requires_admin" time="0.234" /><testcase classname="tests.backend_test.TestAdmin" name="test_category_crud" time="0.385" /></testsuite></testsuites>