<?xml version="1.0" encoding="utf-8"?><testsuites name="pytest tests"><testsuite name="pytest" errors="0" failures="0" skipped="0" tests="93" time="13.641" timestamp="2026-07-28T15:50:49.811216+00:00" hostname="agent-env-3e6e120a-9b08-408e-8426-26ba14cd7125"><testcase classname="tests.test_vendor_phase1.TestVendorPhase1Flow" name="test_01_vendor_register" time="0.864" /><testcase classname="tests.backend_test.TestObjectIdSafety" name="test_delete_product_bad_id" time="0.863" /><testcase classname="tests.backend_test.TestObjectIdSafety" name="test_delete_product_missing_id" time="0.069" /><testcase classname="tests.test_vendor_phase1.TestVendorPhase1Flow" name="test_02_duplicate_vendor_email_rejected" time="0.074" /><testcase classname="tests.backend_test.TestObjectIdSafety" name="test_put_product_bad_id" time="0.293" /><testcase classname="tests.test_vendor_phase1.TestVendorPhase1Flow" name="test_03_pending_vendor_login_blocked_403" time="0.291" /><testcase classname="tests.backend_test.TestObjectIdSafety" name="test_delete_category_bad_id" time="0.078" /><testcase classname="tests.test_vendor_phase1.TestVendorPhase1Flow" name="test_04_admin_lists_pending_vendor" time="0.073" /><testcase classname="tests.backend_test.TestObjectIdSafety" name="test_delete_category_missing_id" time="0.292" /><testcase classname="tests.backend_test.TestObjectIdSafety" name="test_patch_order_status_bad_id" time="0.070" /><testcase classname="tests.test_vendor_phase1.TestVendorPhase1Flow" name="test_05_admin_vendors_requires_admin" time="0.407" /><testcase classname="tests.backend_test.TestObjectIdSafety" name="test_patch_order_status_missing_id" time="0.073" /><testcase classname="tests.test_vendor_phase1.TestVendorPhase1Flow" name="test_06_reject_then_login_blocked" time="0.557" /><testcase classname="tests.backend_test.TestObjectIdSafety" name="test_get_order_bad_id" time="0.527" /><testcase classname="tests.backend_test.TestObjectIdSafety" name="test_get_order_missing_id" time="0.075" /><testcase classname="tests.test_vendor_phase1.TestVendorPhase1Flow" name="test_07_invalid_vendor_status_400" time="0.061" /><testcase classname="tests.test_vendor_phase1.TestVendorPhase1Flow" name="test_08_approve_vendor_and_login" time="0.534" /><testcase classname="tests.backend_test.TestAuth" name="test_login_admin" time="0.289" /><testcase classname="tests.backend_test.TestAuth" name="test_login_bad_password" time="0.460" /><testcase classname="tests.test_vendor_phase1.TestVendorPhase1Flow" name="test_09_vendors_me_and_public_list" time="0.291" /><testcase classname="tests.backend_test.TestAuth" name="test_me" time="0.069" /><testcase classname="tests.test_vendor_phase1.TestVendorPhase1Flow" name="test_10_vendor_dashboard_scoped" time="0.064" /><testcase classname="tests.backend_test.TestAuth" name="test_me_no_token" time="0.131" /><testcase classname="tests.test_vendor_phase1.TestVendorPhase1Flow" name="test_11_vendor_creates_pending_product" time="0.096" /><testcase classname="tests.backend_test.TestAuth" name="test_me_bad_token" time="0.159" /><testcase classname="tests.test_vendor_phase1.TestVendorPhase1Flow" name="test_12_pending_product_hidden_from_public_listing" time="0.191" /><testcase classname="tests.backend_test.TestAuth" name="test_duplicate_register" time="0.073" /><testcase classname="tests.test_vendor_phase1.TestVendorPhase1Flow" name="test_13_admin_products_shows_pending" time="0.138" /><testcase classname="tests.backend_test.TestAuth" name="test_register_validation" time="0.068" /><testcase classname="tests.backend_test.TestAuth" name="test_bcrypt_hash_format" time="0.081" /><testcase classname="tests.test_vendor_phase1.TestVendorPhase1Flow" name="test_14_vendor_can_edit_own_product" time="0.151" /><testcase classname="tests.backend_test.TestOrders" name="test_create_order_requires_auth" time="0.185" /><testcase classname="tests.test_vendor_phase1.TestVendorPhase1Flow" name="test_15_vendor_cannot_edit_other_product_403" time="0.283" /><testcase classname="tests.backend_test.TestOrders" name="test_order_delivery_fee_below_threshold" time="0.217" /><testcase classname="tests.backend_test.TestOrders" name="test_order_free_delivery" time="0.156" /><testcase classname="tests.test_vendor_phase1.TestVendorPhase1Flow" name="test_16_admin_approves_product_goes_live" time="0.276" /><testcase classname="tests.backend_test.TestOrders" name="test_empty_cart_rejected" time="0.071" /><testcase classname="tests.backend_test.TestOrders" name="test_my_orders" time="0.069" /><testcase classname="tests.test_vendor_phase1.TestVendorPhase1Flow" name="test_17_admin_creates_coupon" time="0.131" /><testcase classname="tests.backend_test.TestOrders" name="test_order_access_denied_other_user" time="0.571" /><testcase classname="tests.test_vendor_phase1.TestVendorPhase1Flow" name="test_18_validate_coupon" time="0.330" /><testcase classname="tests.test_vendor_phase1.TestVendorPhase1Flow" name="test_19_min_amount_coupon_enforced" time="0.137" /><testcase classname="tests.backend_test.TestOrders" name="test_order_invalid_id" time="0.077" /><testcase classname="tests.test_vendor_phase1.TestVendorPhase1Flow" name="test_20_customer_order_with_coupon" time="0.151" /><testcase classname="tests.backend_test.TestOrders" name="test_stock_decrement" time="0.259" /><testcase classname="tests.test_vendor_phase1.TestVendorPhase1Flow" name="test_21_invalid_coupon_on_order_400" time="0.173" /><testcase classname="tests.test_vendor_phase1.TestVendorPhase1Flow" name="test_22_vendor_sees_only_own_items" time="0.074" /><testcase classname="tests.backend_test.TestProducts" name="test_list" time="0.090" /><testcase classname="tests.test_vendor_phase1.TestVendorPhase1Flow" name="test_23_vendor_line_status_updates_overall" time="0.143" /><testcase classname="tests.backend_test.TestProducts" name="test_filter_category" time="0.069" /><testcase classname="tests.backend_test.TestProducts" name="test_search" time="0.120" /><testcase classname="tests.test_vendor_phase1.TestVendorPhase1Flow" name="test_24_vendor_invalid_line_status_400" time="0.108" /><testcase classname="tests.backend_test.TestProducts" name="test_search_no_results" time="0.118" /><testcase classname="tests.test_vendor_phase1.TestVendorPhase1Flow" name="test_25_vendor_cannot_touch_foreign_order" time="0.150" /><testcase classname="tests.backend_test.TestProducts" name="test_featured_popular" time="0.140" /><testcase classname="tests.test_vendor_phase1.TestVendorPhase1Flow" name="test_26_reorder_returns_available_items" time="0.064" /><testcase classname="tests.test_vendor_phase1.TestVendorPhase1Flow" name="test_27_reorder_other_users_order_404" time="0.079" /><testcase classname="tests.backend_test.TestProducts" name="test_get_by_slug" time="0.073" /><testcase classname="tests.backend_test.TestProducts" name="test_get_missing" time="0.082" /><testcase classname="tests.test_vendor_phase1.TestVendorPhase1Flow" name="test_28_reorder_skips_unapproved_products" time="0.218" /><testcase classname="tests.backend_test.TestAdmin" name="test_dashboard" time="0.080" /><testcase classname="tests.backend_test.TestAdmin" name="test_dashboard_forbidden_for_customer" time="0.080" /><testcase classname="tests.test_vendor_phase1.TestVendorPhase1Flow" name="test_29_admin_dashboard_new_fields" time="0.073" /><testcase classname="tests.backend_test.TestAdmin" name="test_customers_list" time="0.077" /><testcase classname="tests.test_vendor_phase1.TestVendorPhase1Flow" name="test_30_admin_order_status_new_labels" time="0.322" /><testcase classname="tests.backend_test.TestAdmin" name="test_admin_orders_and_status_flow" time="0.684" /><testcase classname="tests.test_vendor_phase1.TestVendorPhase1Flow" name="test_31_customer_blocked_from_vendor_endpoints" time="0.324" /><testcase classname="tests.test_vendor_phase1.TestVendorPhase1Flow" name="test_32_admin_blocked_from_vendor_endpoints" time="0.106" /><testcase classname="tests.backend_test.TestAdmin" name="test_product_crud" time="0.617" /><testcase classname="tests.test_vendor_phase1.TestVendorPhase1Flow" name="test_33_vendor_blocked_from_admin_endpoints" time="0.281" /><testcase classname="tests.test_vendor_phase1.TestVendorPhase1Flow" name="test_34_unauthenticated_401" time="0.260" /><testcase classname="tests.test_vendor_phase1.TestVendorPhase1Flow" name="test_35_suspended_vendor_blocked_everywhere" time="0.652" /><testcase classname="tests.backend_test.TestAdmin" name="test_product_create_requires_admin" time="0.074" /><testcase classname="tests.backend_test.TestAdmin" name="test_category_crud" time="0.533" /><testcase classname="tests.backend_test.TestPublic" name="test_root" time="0.072" /><testcase classname="tests.test_vendor_phase1.TestVendorPhase1Flow" name="test_36_suspended_vendor_products_hidden" time="0.341" /><testcase classname="tests.backend_test.TestPublic" name="test_store_info" time="0.070" /><testcase classname="tests.backend_test.TestPublic" name="test_categories" time="0.068" /><testcase classname="tests.backend_test.TestPublic" name="test_reviews" time="0.071" /><testcase classname="tests.backend_test.TestOrderPricingSecurity" name="test_manipulated_price_is_ignored" time="0.220" /><testcase classname="tests.backend_test.TestOrderPricingSecurity" name="test_insufficient_stock_returns_400" time="0.290" /><testcase classname="tests.test_iteration6_fixes.TestAdminProducts" name="test_admin_products_list_includes_approval_and_vendor" time="0.544" /><testcase classname="tests.backend_test.TestOrderPricingSecurity" name="test_unknown_product_rejected" time="0.064" /><testcase classname="tests.backend_test.TestOrderPricingSecurity" name="test_invalid_product_id_rejected" time="0.070" /><testcase classname="tests.test_iteration6_fixes.TestAdminProducts" name="test_admin_products_status_filter_pending" time="0.072" /><testcase classname="tests.test_iteration6_fixes.TestAdminProducts" name="test_admin_created_product_is_approved" time="0.502" /><testcase classname="tests.test_iteration6_fixes.TestAdminOrderStatus" name="test_new_statuses_accepted" time="0.900" /><testcase classname="tests.test_iteration6_fixes.TestAdminProducts" name="test_approval_endpoint_roundtrip" time="0.476" /><testcase classname="tests.test_iteration6_fixes.TestAdminOrderStatus" name="test_old_status_confirmed_rejected" time="0.153" /><testcase classname="tests.test_iteration6_fixes.TestAdminProducts" name="test_approval_invalid_status_rejected" time="0.092" /><testcase classname="tests.backend_test.TestOTP" name="test_otp_flow" time="0.264" /><testcase classname="tests.test_iteration6_fixes.TestAdminProducts" name="test_cleanup_product" time="0.118" /><testcase classname="tests.backend_test.TestSecurity" name="test_no_brute_force_lockout" time="2.676" /></testsuite></testsuites>