<?xml version="1.0" encoding="utf-8"?><testsuites name="pytest tests"><testsuite name="pytest" errors="0" failures="0" skipped="0" tests="28" time="43.554" timestamp="2026-07-29T05:56:23.332742+00:00" hostname="agent-env-3e6e120a-9b08-408e-8426-26ba14cd7125"><testcase classname="tests.test_iteration10_business.TestCommission" name="test_admin_set_commission_persists" time="1.166" /><testcase classname="tests.test_iteration10_business.TestCommission" name="test_commission_validation" time="0.214" /><testcase classname="tests.test_iteration10_business.TestCommission" name="test_commission_unknown_vendor_404" time="0.109" /><testcase classname="tests.test_iteration10_business.TestCommission" name="test_non_admin_forbidden" time="0.736" /><testcase classname="tests.test_iteration10_business.TestCommission" name="test_vendor_cannot_set_own_commission" time="0.192" /><testcase classname="tests.test_iteration10_business.TestVendorEarnings" name="test_earnings_breakdown_math" time="0.208" /><testcase classname="tests.test_iteration10_business.TestDeliveryPartners" name="test_create_and_list" time="0.749" /><testcase classname="tests.test_iteration10_business.TestDeliveryPartners" name="test_duplicate_email_rejected" time="0.134" /><testcase classname="tests.test_iteration10_business.TestDeliveryPartners" name="test_dp_login_role_and_me" time="0.519" /><testcase classname="tests.test_iteration10_business.TestDeliveryPartners" name="test_non_delivery_forbidden" time="0.492" /><testcase classname="tests.test_iteration10_business.TestDeliveryPartners" name="test_toggle_active_and_inactive_assignment" time="0.620" /><testcase classname="tests.test_iteration10_business.TestDeliveryPartners" name="test_delete_unknown_dp_404" time="0.100" /><testcase classname="tests.test_iteration10_business.TestAssignmentFlow" name="test_assign_and_deliver_end_to_end" time="0.987" /><testcase classname="tests.test_iteration10_business.TestAssignmentFlow" name="test_unassigned_order_404" time="0.194" /><testcase classname="tests.test_iteration10_business.TestAssignmentFlow" name="test_assign_unknown_dp_and_order" time="0.312" /><testcase classname="tests.test_iteration10_business.TestAssignmentFlow" name="test_default_earning_applied" time="0.199" /><testcase classname="tests.test_iteration10_business.TestAdminAnalytics" name="test_shape" time="0.101" /><testcase classname="tests.test_iteration10_business.TestAdminAnalytics" name="test_commission_math_two_rates" time="0.943" /><testcase classname="tests.test_iteration10_business.TestVendorPerformance" name="test_fields_and_completion_math" time="3.157" /><testcase classname="tests.test_iteration10_business.TestWhatsApp" name="test_events_and_url" time="27.551" /><testcase classname="tests.test_iteration10_business.TestWhatsApp" name="test_missing_order_id_400_and_unknown_404" time="2.289" /><testcase classname="tests.test_iteration10_business.TestWhatsApp" name="test_rbac" time="0.822" /><testcase classname="tests.test_iteration10_business.TestWhatsApp" name="test_delivery_unassigned_order_403" time="0.191" /><testcase classname="tests.test_iteration10_business.TestRegression" name="test_storefront" time="0.210" /><testcase classname="tests.test_iteration10_business.TestRegression" name="test_business_hours_dotted" time="0.094" /><testcase classname="tests.test_iteration10_business.TestRegression" name="test_admin_orders_and_customers" time="0.421" /><testcase classname="tests.test_iteration10_business.TestRegression" name="test_order_tracker_and_history" time="0.304" /><testcase classname="tests.test_iteration10_business.TestRegression" name="test_coupons_public_list" time="0.433" /></testsuite></testsuites>