<?xml version="1.0" encoding="utf-8"?><testsuites name="pytest tests"><testsuite name="pytest" errors="0" failures="0" skipped="0" tests="20" time="5.948" timestamp="2026-07-29T06:39:12.381417+00:00" hostname="agent-env-3e6e120a-9b08-408e-8426-26ba14cd7125"><testcase classname="tests.test_iteration12_order_flow.TestOrderVariantAndNote" name="test_order_uses_db_variant_price_not_client_price" time="1.918" /><testcase classname="tests.test_iteration12_order_flow.TestOrderVariantAndNote" name="test_unknown_variant_label_rejected" time="0.198" /><testcase classname="tests.test_iteration12_order_flow.TestNotifyWhatsapp" name="test_placed_template_itemised" time="2.073" /><testcase classname="tests.test_iteration12_order_flow.TestNotifyWhatsapp" name="test_feedback_template" time="0.097" /><testcase classname="tests.test_iteration12_order_flow.TestOrderVariantAndNote" name="test_two_variant_products_independent" time="0.476" /><testcase classname="tests.test_iteration12_order_flow.TestNotifyWhatsapp" name="test_admin_can_notify_any_order" time="0.092" /><testcase classname="tests.test_iteration12_order_flow.TestNotifyWhatsapp" name="test_other_customer_forbidden" time="0.426" /><testcase classname="tests.test_iteration12_order_flow.TestOrderVariantAndNote" name="test_same_product_two_lines_different_variant_and_note" time="0.199" /><testcase classname="tests.test_iteration12_order_flow.TestNotifyWhatsapp" name="test_missing_order_id_400" time="0.098" /><testcase classname="tests.test_iteration12_order_flow.TestNotifyWhatsapp" name="test_unknown_order_404" time="0.102" /><testcase classname="tests.test_iteration12_order_flow.TestOrderVariantAndNote" name="test_no_variant_product_order_unchanged" time="0.185" /><testcase classname="tests.test_iteration12_order_flow.TestNotifyWhatsapp" name="test_unauthenticated_rejected" time="0.137" /><testcase classname="tests.test_iteration12_order_flow.TestOrderVariantAndNote" name="test_blank_note_stored_as_null" time="0.233" /><testcase classname="tests.test_iteration12_order_flow.TestVariantsProductApi" name="test_admin_create_product_with_variants" time="0.203" /><testcase classname="tests.test_iteration12_order_flow.TestVariantsProductApi" name="test_admin_update_product_variants" time="0.338" /><testcase classname="tests.test_iteration12_order_flow.TestRegressionSanity" name="test_tracker_statuses_and_delivered_flow" time="0.424" /><testcase classname="tests.test_iteration12_order_flow.TestVariantsProductApi" name="test_product_without_variants_returns_empty_list" time="0.246" /><testcase classname="tests.test_iteration12_order_flow.TestRegressionSanity" name="test_coupon_still_applies" time="0.511" /><testcase classname="tests.test_iteration12_order_flow.TestVariantsProductApi" name="test_vendor_create_product_with_variants" time="0.820" /><testcase classname="tests.test_iteration12_order_flow.TestRegressionSanity" name="test_admin_sales_analytics" time="1.094" /></testsuite></testsuites>