<?xml version="1.0" encoding="utf-8"?><testsuites name="pytest tests"><testsuite name="pytest" errors="0" failures="0" skipped="0" tests="13" time="4.572" timestamp="2026-08-03T14:02:46.180484+00:00" hostname="agent-env-3e6e120a-9b08-408e-8426-26ba14cd7125"><testcase classname="tests.test_iteration14_distance.TestRegression" name="test_coupon_apply_endpoint" time="1.937" /><testcase classname="tests.test_iteration14_distance.TestRegression" name="test_order_with_coupon_and_distance" time="0.242" /><testcase classname="tests.test_iteration14_distance.TestDistanceDelivery" name="test_near_distance_fee_13" time="2.263" /><testcase classname="tests.test_iteration14_distance.TestRegression" name="test_variant_price_resolution" time="0.371" /><testcase classname="tests.test_iteration14_distance.TestDistanceDelivery" name="test_boundary_1_5_km_is_near" time="0.119" /><testcase classname="tests.test_iteration14_distance.TestDistanceDelivery" name="test_far_distance_fee_20" time="0.113" /><testcase classname="tests.test_iteration14_distance.TestDistanceDelivery" name="test_omitted_distance_defaults_near" time="0.114" /><testcase classname="tests.test_iteration14_distance.TestRegression" name="test_whatsapp_notify_events" time="0.374" /><testcase classname="tests.test_iteration14_distance.TestDistanceDelivery" name="test_null_distance_defaults_near" time="0.105" /><testcase classname="tests.test_iteration14_distance.TestDistanceDelivery" name="test_free_delivery_above_threshold_far" time="0.152" /><testcase classname="tests.test_iteration14_distance.TestDistanceDelivery" name="test_free_delivery_above_threshold_near" time="0.430" /><testcase classname="tests.test_iteration14_distance.TestRegression" name="test_vendor_pages_apis" time="1.011" /><testcase classname="tests.test_iteration14_distance.TestRegression" name="test_no_mongo_id_leak" time="0.209" /></testsuite></testsuites>